<?xml version="1.0" encoding="UTF-8"?>
<!-- Generated by org.testng.reporters.JUnitReportReporter -->
<testsuite hostname="DESKTOP-AO2R681" failures="0" tests="1" name="mavenregapp.TC_register" time="2.126" errors="0" timestamp="2024-11-11T21:31:52 PST" skipped="0">
  <testcase classname="mavenregapp.TC_register" name="register_Test" time="2.126"/>
  <system-out/>
</testsuite> <!-- mavenregapp.TC_register -->
